#
# There is insufficient memory for the Java Runtime Environment to continue.
# Native memory allocation (malloc) failed to allocate 834784 bytes for Chunk::new
# Possible reasons:
#   The system is out of physical RAM or swap space
#   The process is running with CompressedOops enabled, and the Java Heap may be blocking the growth of the native heap
# Possible solutions:
#   Reduce memory load on the system
#   Increase physical memory or swap space
#   Check if swap backing store is full
#   Decrease Java heap size (-Xmx/-Xms)
#   Decrease number of Java threads
#   Decrease Java thread stack sizes (-Xss)
#   Set larger code cache with -XX:ReservedCodeCacheSize=
#   JVM is running with Unscaled Compressed Oops mode in which the Java heap is
#     placed in the first 4GB address space. The Java Heap base address is the
#     maximum limit for the native heap growth. Please use -XX:HeapBaseMinAddress
#     to set the Java Heap base and to place the Java Heap above 4GB virtual address.
# This output file may be truncated or incomplete.
#
#  Out of Memory Error (arena.cpp:189), pid=8080, tid=16448
#
# JRE version: OpenJDK Runtime Environment Temurin-17.0.7+7 (17.0.7+7) (build 17.0.7+7)
# Java VM: OpenJDK 64-Bit Server VM Temurin-17.0.7+7 (17.0.7+7, mixed mode, tiered, compressed oops, compressed class ptrs, parallel gc, windows-amd64)
# No core dump will be written. Minidumps are not enabled by default on client versions of Windows
#

---------------  S U M M A R Y ------------

Command Line: --add-modules=ALL-SYSTEM --add-opens=java.base/java.util=ALL-UNNAMED --add-opens=java.base/java.lang=ALL-UNNAMED --add-opens=java.base/sun.nio.fs=ALL-UNNAMED -Declipse.application=org.eclipse.jdt.ls.core.id1 -Dosgi.bundles.defaultStartLevel=4 -Declipse.product=org.eclipse.jdt.ls.core.product -Djava.import.generatesMetadataFilesAtProjectRoot=false -Dfile.encoding=utf8 -XX:+UseParallelGC -XX:GCTimeRatio=4 -XX:AdaptiveSizePolicyWeight=90 -Dsun.zip.disableMemoryMapping=true -Xmx1G -Xms100m -Xlog:disable -javaagent:c:\Users\91976\.vscode\extensions\redhat.java-1.20.0-win32-x64\lombok\lombok-1.18.28.jar -XX:+HeapDumpOnOutOfMemoryError -XX:HeapDumpPath=c:\Users\91976\AppData\Roaming\Code\User\workspaceStorage\d2973ecab22b3799a88bb73699051f6a\redhat.java -Daether.dependencyCollector.impl=bf c:\Users\91976\.vscode\extensions\redhat.java-1.20.0-win32-x64\server\plugins\org.eclipse.equinox.launcher_1.6.500.v20230622-2056.jar -configuration c:\Users\91976\AppData\Roaming\Code\User\globalStorage\redhat.java\1.20.0\config_win -data c:\Users\91976\AppData\Roaming\Code\User\workspaceStorage\d2973ecab22b3799a88bb73699051f6a\redhat.java\jdt_ws

Host: 11th Gen Intel(R) Core(TM) i3-1115G4 @ 3.00GHz, 4 cores, 7G,  Windows 11 , 64 bit Build 22621 (10.0.22621.1485)
Time: Mon Jul 31 10:39:36 2023 India Standard Time elapsed time: 162.652695 seconds (0d 0h 2m 42s)

---------------  T H R E A D  ---------------

Current thread (0x0000022bd6dbe640):  JavaThread "C2 CompilerThread0" daemon [_thread_in_native, id=16448, stack(0x0000004d64900000,0x0000004d64a00000)]


Current CompileTask:
C2: 162652 9818       4       org.eclipse.core.internal.resources.ProjectPreferences::nodeExists (124 bytes)

Stack: [0x0000004d64900000,0x0000004d64a00000]
Native frames: (J=compiled Java code, j=interpreted, Vv=VM code, C=native code)
V  [jvm.dll+0x67754a]
V  [jvm.dll+0x834304]
V  [jvm.dll+0x835aae]
V  [jvm.dll+0x836113]
V  [jvm.dll+0x24696f]
V  [jvm.dll+0xac0ac]
V  [jvm.dll+0xac67c]
V  [jvm.dll+0x364e37]
V  [jvm.dll+0x32f6b1]
V  [jvm.dll+0x32eb5a]
V  [jvm.dll+0x219641]
V  [jvm.dll+0x218a61]
V  [jvm.dll+0x1a4d8d]
V  [jvm.dll+0x2284da]
V  [jvm.dll+0x226615]
V  [jvm.dll+0x7ea90b]
V  [jvm.dll+0x7e4e7a]
V  [jvm.dll+0x676395]
C  [ucrtbase.dll+0x29363]
C  [KERNEL32.DLL+0x1269d]
C  [ntdll.dll+0x5a9f8]


---------------  P R O C E S S  ---------------

Threads class SMR info:
_java_thread_list=0x0000022be81fdf40, length=34, elements={
0x0000022bc2f620f0, 0x0000022bc301ba50, 0x0000022bc301ea90, 0x0000022bd6dae340,
0x0000022bd6daed00, 0x0000022bd6db2c10, 0x0000022bd6dba6e0, 0x0000022bd6dbe640,
0x0000022bd6ddcf60, 0x0000022bd6dddc10, 0x0000022bd6db9870, 0x0000022bd6db9d40,
0x0000022bd6dba210, 0x0000022bd6dbabb0, 0x0000022bd6dbb080, 0x0000022bd6db8060,
0x0000022bd6db93a0, 0x0000022bd6db76c0, 0x0000022bdd112a40, 0x0000022bdd112f10,
0x0000022bdd10ced0, 0x0000022bdd1120a0, 0x0000022bdd111230, 0x0000022bdd10e210,
0x0000022bdd10f550, 0x0000022bdd10d870, 0x0000022bdd111700, 0x0000022bdd110d60,
0x0000022bdd10ebb0, 0x0000022bdd10ca00, 0x0000022bdd10fa20, 0x0000022bd6db7b90,
0x0000022bd6db8530, 0x0000022bde9cb690
}

Java Threads: ( => current thread )
  0x0000022bc2f620f0 JavaThread "main" [_thread_blocked, id=9384, stack(0x0000004d64000000,0x0000004d64100000)]
  0x0000022bc301ba50 JavaThread "Reference Handler" daemon [_thread_blocked, id=1304, stack(0x0000004d64300000,0x0000004d64400000)]
  0x0000022bc301ea90 JavaThread "Finalizer" daemon [_thread_blocked, id=1432, stack(0x0000004d64400000,0x0000004d64500000)]
  0x0000022bd6dae340 JavaThread "Signal Dispatcher" daemon [_thread_blocked, id=21640, stack(0x0000004d64500000,0x0000004d64600000)]
  0x0000022bd6daed00 JavaThread "Attach Listener" daemon [_thread_blocked, id=3108, stack(0x0000004d64600000,0x0000004d64700000)]
  0x0000022bd6db2c10 JavaThread "Service Thread" daemon [_thread_blocked, id=21820, stack(0x0000004d64700000,0x0000004d64800000)]
  0x0000022bd6dba6e0 JavaThread "Monitor Deflation Thread" daemon [_thread_blocked, id=9744, stack(0x0000004d64800000,0x0000004d64900000)]
=>0x0000022bd6dbe640 JavaThread "C2 CompilerThread0" daemon [_thread_in_native, id=16448, stack(0x0000004d64900000,0x0000004d64a00000)]
  0x0000022bd6ddcf60 JavaThread "C1 CompilerThread0" daemon [_thread_blocked, id=14208, stack(0x0000004d64a00000,0x0000004d64b00000)]
  0x0000022bd6dddc10 JavaThread "Sweeper thread" daemon [_thread_blocked, id=16980, stack(0x0000004d64b00000,0x0000004d64c00000)]
  0x0000022bd6db9870 JavaThread "Common-Cleaner" daemon [_thread_blocked, id=7648, stack(0x0000004d64c00000,0x0000004d64d00000)]
  0x0000022bd6db9d40 JavaThread "Notification Thread" daemon [_thread_blocked, id=22032, stack(0x0000004d64d00000,0x0000004d64e00000)]
  0x0000022bd6dba210 JavaThread "Active Thread: Equinox Container: 5abccfe5-5e32-43b5-9e20-5049f8dd7a56" [_thread_blocked, id=18364, stack(0x0000004d65300000,0x0000004d65400000)]
  0x0000022bd6dbabb0 JavaThread "Framework Event Dispatcher: Equinox Container: 5abccfe5-5e32-43b5-9e20-5049f8dd7a56" daemon [_thread_blocked, id=13140, stack(0x0000004d65400000,0x0000004d65500000)]
  0x0000022bd6dbb080 JavaThread "Start Level: Equinox Container: 5abccfe5-5e32-43b5-9e20-5049f8dd7a56" daemon [_thread_blocked, id=24168, stack(0x0000004d65500000,0x0000004d65600000)]
  0x0000022bd6db8060 JavaThread "SCR Component Actor" daemon [_thread_blocked, id=23816, stack(0x0000004d65600000,0x0000004d65700000)]
  0x0000022bd6db93a0 JavaThread "Bundle File Closer" daemon [_thread_blocked, id=11016, stack(0x0000004d65800000,0x0000004d65900000)]
  0x0000022bd6db76c0 JavaThread "Worker-JM" [_thread_blocked, id=17772, stack(0x0000004d65900000,0x0000004d65a00000)]
  0x0000022bdd112a40 JavaThread "Worker-1" [_thread_blocked, id=5360, stack(0x0000004d65b00000,0x0000004d65c00000)]
  0x0000022bdd112f10 JavaThread "Worker-2: Shutdown..." [_thread_in_Java, id=22884, stack(0x0000004d65c00000,0x0000004d65d00000)]
  0x0000022bdd10ced0 JavaThread "Java indexing" daemon [_thread_blocked, id=19476, stack(0x0000004d65d00000,0x0000004d65e00000)]
  0x0000022bdd1120a0 JavaThread "Worker-3" [_thread_blocked, id=22876, stack(0x0000004d65e00000,0x0000004d65f00000)]
  0x0000022bdd111230 JavaThread "JNA Cleaner" daemon [_thread_blocked, id=7580, stack(0x0000004d65f00000,0x0000004d66000000)]
  0x0000022bdd10e210 JavaThread "pool-2-thread-1" [_thread_blocked, id=11352, stack(0x0000004d66000000,0x0000004d66100000)]
  0x0000022bdd10f550 JavaThread "Worker-4" [_thread_blocked, id=19220, stack(0x0000004d66100000,0x0000004d66200000)]
  0x0000022bdd10d870 JavaThread "WorkspaceEventsHandler" [_thread_blocked, id=11208, stack(0x0000004d66200000,0x0000004d66300000)]
  0x0000022bdd111700 JavaThread "pool-1-thread-1" [_thread_in_native, id=7612, stack(0x0000004d66300000,0x0000004d66400000)]
  0x0000022bdd110d60 JavaThread "ForkJoinPool.commonPool-worker-1" daemon [_thread_blocked, id=412, stack(0x0000004d66400000,0x0000004d66500000)]
  0x0000022bdd10ebb0 JavaThread "ForkJoinPool.commonPool-worker-2" daemon [_thread_blocked, id=17208, stack(0x0000004d66600000,0x0000004d66700000)]
  0x0000022bdd10ca00 JavaThread "ForkJoinPool.commonPool-worker-3" daemon [_thread_blocked, id=16364, stack(0x0000004d66700000,0x0000004d66800000)]
  0x0000022bdd10fa20 JavaThread "Java Debug Server" daemon [_thread_in_native, id=6456, stack(0x0000004d63d00000,0x0000004d63e00000)]
  0x0000022bd6db7b90 JavaThread "pool-3-thread-1" [_thread_blocked, id=14908, stack(0x0000004d63e00000,0x0000004d63f00000)]
  0x0000022bd6db8530 JavaThread "RxSchedulerPurge-1" daemon [_thread_blocked, id=5632, stack(0x0000004d63f00000,0x0000004d64000000)]
  0x0000022bde9cb690 JavaThread "RxCachedWorkerPoolEvictor-1" daemon [_thread_blocked, id=20380, stack(0x0000004d65a00000,0x0000004d65b00000)]

Other Threads:
  0x0000022bd6d6be70 VMThread "VM Thread" [stack: 0x0000004d64200000,0x0000004d64300000] [id=6076]
  0x0000022bdc19a5f0 WatcherThread [stack: 0x0000004d64e00000,0x0000004d64f00000] [id=23228]
  0x0000022bc2f76d80 GCTaskThread "GC Thread#0" [stack: 0x0000004d64100000,0x0000004d64200000] [id=20028]
  0x0000022bdc5d4d70 GCTaskThread "GC Thread#1" [stack: 0x0000004d65000000,0x0000004d65100000] [id=3644]
  0x0000022bdc5d5020 GCTaskThread "GC Thread#2" [stack: 0x0000004d65100000,0x0000004d65200000] [id=576]
  0x0000022bdc5d52d0 GCTaskThread "GC Thread#3" [stack: 0x0000004d65200000,0x0000004d65300000] [id=17636]

Threads with active compile tasks:
C2 CompilerThread0   162671 9818       4       org.eclipse.core.internal.resources.ProjectPreferences::nodeExists (124 bytes)

VM state: not at safepoint (normal execution)

VM Mutex/Monitor currently owned by a thread: None

Heap address: 0x00000000c0000000, size: 1024 MB, Compressed Oops mode: 32-bit

CDS archive(s) not mapped
Compressed class space mapped at: 0x0000000100000000-0x0000000140000000, reserved size: 1073741824
Narrow klass base: 0x0000000000000000, Narrow klass shift: 3, Narrow klass range: 0x140000000

GC Precious Log:
 CPUs: 4 total, 4 available
 Memory: 7975M
 Large Page Support: Disabled
 NUMA Support: Disabled
 Compressed Oops: Enabled (32-bit)
 Alignments: Space 512K, Generation 512K, Heap 2M
 Heap Min Capacity: 100M
 Heap Initial Capacity: 100M
 Heap Max Capacity: 1G
 Pre-touch: Disabled
 Parallel Workers: 4

Heap:
 PSYoungGen      total 51712K, used 35112K [0x00000000eab00000, 0x00000000ef380000, 0x0000000100000000)
  eden space 46592K, 64% used [0x00000000eab00000,0x00000000ec86af38,0x00000000ed880000)
  from space 5120K, 97% used [0x00000000ee980000,0x00000000eee5f1c8,0x00000000eee80000)
  to   space 5120K, 0% used [0x00000000eee80000,0x00000000eee80000,0x00000000ef380000)
 ParOldGen       total 419328K, used 208337K [0x00000000c0000000, 0x00000000d9980000, 0x00000000eab00000)
  object space 419328K, 49% used [0x00000000c0000000,0x00000000ccb745f0,0x00000000d9980000)
 Metaspace       used 74668K, committed 75712K, reserved 1179648K
  class space    used 8126K, committed 8640K, reserved 1048576K

Card table byte_map: [0x0000022bc2900000,0x0000022bc2b10000] _byte_map_base: 0x0000022bc2300000

Marking Bits: (ParMarkBitMap*) 0x00007ff9808952c0
 Begin Bits: [0x0000022bd4be0000, 0x0000022bd5be0000)
 End Bits:   [0x0000022bd5be0000, 0x0000022bd6be0000)

Polling page: 0x0000022bc0ed0000

Metaspace:

Usage:
  Non-class:     64.98 MB used.
      Class:      7.94 MB used.
       Both:     72.92 MB used.

Virtual space:
  Non-class space:      128.00 MB reserved,      65.50 MB ( 51%) committed,  2 nodes.
      Class space:        1.00 GB reserved,       8.44 MB ( <1%) committed,  1 nodes.
             Both:        1.12 GB reserved,      73.94 MB (  6%) committed. 

Chunk freelists:
   Non-Class:  14.19 MB
       Class:  7.58 MB
        Both:  21.77 MB

MaxMetaspaceSize: unlimited
CompressedClassSpaceSize: 1.00 GB
Initial GC threshold: 21.00 MB
Current GC threshold: 111.06 MB
CDS: off
MetaspaceReclaimPolicy: balanced
 - commit_granule_bytes: 65536.
 - commit_granule_words: 8192.
 - virtual_space_node_default_size: 8388608.
 - enlarge_chunks_in_place: 1.
 - new_chunks_are_fully_committed: 0.
 - uncommit_free_chunks: 1.
 - use_allocation_guard: 0.
 - handle_deallocations: 1.


Internal statistics:

num_allocs_failed_limit: 9.
num_arena_births: 540.
num_arena_deaths: 14.
num_vsnodes_births: 3.
num_vsnodes_deaths: 0.
num_space_committed: 1183.
num_space_uncommitted: 0.
num_chunks_returned_to_freelist: 23.
num_chunks_taken_from_freelist: 3604.
num_chunk_merges: 10.
num_chunk_splits: 2237.
num_chunks_enlarged: 1258.
num_inconsistent_stats: 0.

CodeHeap 'non-profiled nmethods': size=120000Kb used=7228Kb max_used=7228Kb free=112771Kb
 bounds [0x0000022bcd6b0000, 0x0000022bcddc0000, 0x0000022bd4be0000]
CodeHeap 'profiled nmethods': size=120000Kb used=16902Kb max_used=16902Kb free=103097Kb
 bounds [0x0000022bc5be0000, 0x0000022bc6c70000, 0x0000022bcd110000]
CodeHeap 'non-nmethods': size=5760Kb used=1395Kb max_used=1448Kb free=4364Kb
 bounds [0x0000022bcd110000, 0x0000022bcd380000, 0x0000022bcd6b0000]
 total_blobs=8751 nmethods=8017 adapters=645
 compilation: enabled
              stopped_count=0, restarted_count=0
 full_count=0

Compilation events (20 events):
Event: 162.602 Thread 0x0000022bd6ddcf60 9823       3       org.eclipse.jdt.internal.core.JavaProject::rootID (26 bytes)
Event: 162.603 Thread 0x0000022bd6ddcf60 nmethod 9823 0x0000022bc6c5a590 code [0x0000022bc6c5a7c0, 0x0000022bc6c5af28]
Event: 162.604 Thread 0x0000022bd6ddcf60 9826       3       org.eclipse.jdt.internal.compiler.parser.Scanner$VanguardScanner::getNextToken (200 bytes)
Event: 162.605 Thread 0x0000022bd6ddcf60 nmethod 9826 0x0000022bc6c5b210 code [0x0000022bc6c5b4c0, 0x0000022bc6c5c578]
Event: 162.605 Thread 0x0000022bd6ddcf60 9829       3       java.lang.String::split (327 bytes)
Event: 162.609 Thread 0x0000022bd6ddcf60 nmethod 9829 0x0000022bc6c5c810 code [0x0000022bc6c5cda0, 0x0000022bc6c60598]
Event: 162.609 Thread 0x0000022bd6ddcf60 9833       3       org.eclipse.jdt.core.dom.ASTNode::postReplaceChild (46 bytes)
Event: 162.609 Thread 0x0000022bd6ddcf60 nmethod 9833 0x0000022bc6c61890 code [0x0000022bc6c61a60, 0x0000022bc6c61d28]
Event: 162.609 Thread 0x0000022bd6ddcf60 9827       3       org.eclipse.jdt.internal.compiler.parser.Scanner$Goal::hasBeenReached (95 bytes)
Event: 162.609 Thread 0x0000022bd6ddcf60 nmethod 9827 0x0000022bc6c61e90 code [0x0000022bc6c62060, 0x0000022bc6c62498]
Event: 162.609 Thread 0x0000022bd6ddcf60 9830       3       org.eclipse.jdt.internal.compiler.Compiler::accept (52 bytes)
Event: 162.610 Thread 0x0000022bd6ddcf60 nmethod 9830 0x0000022bc6c62610 code [0x0000022bc6c62860, 0x0000022bc6c63358]
Event: 162.610 Thread 0x0000022bd6ddcf60 9834       1       org.eclipse.jface.text.DocumentEvent::getDocument (5 bytes)
Event: 162.610 Thread 0x0000022bd6ddcf60 nmethod 9834 0x0000022bcddbe310 code [0x0000022bcddbe4a0, 0x0000022bcddbe578]
Event: 162.610 Thread 0x0000022bd6ddcf60 9828       3       org.eclipse.jdt.internal.compiler.ast.IntLiteral::<init> (14 bytes)
Event: 162.610 Thread 0x0000022bd6ddcf60 nmethod 9828 0x0000022bc6c63890 code [0x0000022bc6c63a60, 0x0000022bc6c63e58]
Event: 162.610 Thread 0x0000022bd6ddcf60 9831       1       org.eclipse.jdt.internal.compiler.ast.MessageSend::setExpressionContext (6 bytes)
Event: 162.610 Thread 0x0000022bd6ddcf60 nmethod 9831 0x0000022bcddbe610 code [0x0000022bcddbe7a0, 0x0000022bcddbe878]
Event: 162.610 Thread 0x0000022bd6ddcf60 9832       1       org.eclipse.jdt.internal.compiler.ast.MessageSend::setExpectedType (6 bytes)
Event: 162.610 Thread 0x0000022bd6ddcf60 nmethod 9832 0x0000022bcddbe910 code [0x0000022bcddbeaa0, 0x0000022bcddbeb78]

GC Heap History (20 events):
Event: 26.236 GC heap before
{Heap before GC invocations=105 (full 6):
 PSYoungGen      total 52224K, used 51660K [0x00000000eab00000, 0x00000000ef100000, 0x0000000100000000)
  eden space 34816K, 100% used [0x00000000eab00000,0x00000000ecd00000,0x00000000ecd00000)
  from space 17408K, 96% used [0x00000000ee000000,0x00000000ef073070,0x00000000ef100000)
  to   space 18432K, 0% used [0x00000000ecd00000,0x00000000ecd00000,0x00000000edf00000)
 ParOldGen       total 322560K, used 272606K [0x00000000c0000000, 0x00000000d3b00000, 0x00000000eab00000)
  object space 322560K, 84% used [0x00000000c0000000,0x00000000d0a37a18,0x00000000d3b00000)
 Metaspace       used 67181K, committed 68224K, reserved 1114112K
  class space    used 7210K, committed 7680K, reserved 1048576K
}
Event: 26.245 GC heap after
{Heap after GC invocations=105 (full 6):
 PSYoungGen      total 53248K, used 18405K [0x00000000eab00000, 0x00000000f0e80000, 0x0000000100000000)
  eden space 34816K, 0% used [0x00000000eab00000,0x00000000eab00000,0x00000000ecd00000)
  from space 18432K, 99% used [0x00000000ecd00000,0x00000000edef95c8,0x00000000edf00000)
  to   space 31744K, 0% used [0x00000000eef80000,0x00000000eef80000,0x00000000f0e80000)
 ParOldGen       total 322560K, used 283401K [0x00000000c0000000, 0x00000000d3b00000, 0x00000000eab00000)
  object space 322560K, 87% used [0x00000000c0000000,0x00000000d14c2598,0x00000000d3b00000)
 Metaspace       used 67181K, committed 68224K, reserved 1114112K
  class space    used 7210K, committed 7680K, reserved 1048576K
}
Event: 26.458 GC heap before
{Heap before GC invocations=106 (full 6):
 PSYoungGen      total 53248K, used 53221K [0x00000000eab00000, 0x00000000f0e80000, 0x0000000100000000)
  eden space 34816K, 100% used [0x00000000eab00000,0x00000000ecd00000,0x00000000ecd00000)
  from space 18432K, 99% used [0x00000000ecd00000,0x00000000edef95c8,0x00000000edf00000)
  to   space 31744K, 0% used [0x00000000eef80000,0x00000000eef80000,0x00000000f0e80000)
 ParOldGen       total 322560K, used 283401K [0x00000000c0000000, 0x00000000d3b00000, 0x00000000eab00000)
  object space 322560K, 87% used [0x00000000c0000000,0x00000000d14c2598,0x00000000d3b00000)
 Metaspace       used 67191K, committed 68224K, reserved 1114112K
  class space    used 7210K, committed 7680K, reserved 1048576K
}
Event: 26.474 GC heap after
{Heap after GC invocations=106 (full 6):
 PSYoungGen      total 65024K, used 26759K [0x00000000eab00000, 0x00000000f0a00000, 0x0000000100000000)
  eden space 37888K, 0% used [0x00000000eab00000,0x00000000eab00000,0x00000000ed000000)
  from space 27136K, 98% used [0x00000000eef80000,0x00000000f09a1f50,0x00000000f0a00000)
  to   space 27648K, 0% used [0x00000000ed400000,0x00000000ed400000,0x00000000eef00000)
 ParOldGen       total 322560K, used 289331K [0x00000000c0000000, 0x00000000d3b00000, 0x00000000eab00000)
  object space 322560K, 89% used [0x00000000c0000000,0x00000000d1a8cc48,0x00000000d3b00000)
 Metaspace       used 67191K, committed 68224K, reserved 1114112K
  class space    used 7210K, committed 7680K, reserved 1048576K
}
Event: 27.062 GC heap before
{Heap before GC invocations=107 (full 6):
 PSYoungGen      total 65024K, used 64647K [0x00000000eab00000, 0x00000000f0a00000, 0x0000000100000000)
  eden space 37888K, 100% used [0x00000000eab00000,0x00000000ed000000,0x00000000ed000000)
  from space 27136K, 98% used [0x00000000eef80000,0x00000000f09a1f50,0x00000000f0a00000)
  to   space 27648K, 0% used [0x00000000ed400000,0x00000000ed400000,0x00000000eef00000)
 ParOldGen       total 322560K, used 289331K [0x00000000c0000000, 0x00000000d3b00000, 0x00000000eab00000)
  object space 322560K, 89% used [0x00000000c0000000,0x00000000d1a8cc48,0x00000000d3b00000)
 Metaspace       used 67191K, committed 68224K, reserved 1114112K
  class space    used 7210K, committed 7680K, reserved 1048576K
}
Event: 27.089 GC heap after
{Heap after GC invocations=107 (full 6):
 PSYoungGen      total 68608K, used 27619K [0x00000000eab00000, 0x00000000f4100000, 0x0000000100000000)
  eden space 40960K, 0% used [0x00000000eab00000,0x00000000eab00000,0x00000000ed300000)
  from space 27648K, 99% used [0x00000000ed400000,0x00000000eeef8c08,0x00000000eef00000)
  to   space 56320K, 0% used [0x00000000f0a00000,0x00000000f0a00000,0x00000000f4100000)
 ParOldGen       total 322560K, used 313672K [0x00000000c0000000, 0x00000000d3b00000, 0x00000000eab00000)
  object space 322560K, 97% used [0x00000000c0000000,0x00000000d3252260,0x00000000d3b00000)
 Metaspace       used 67191K, committed 68224K, reserved 1114112K
  class space    used 7210K, committed 7680K, reserved 1048576K
}
Event: 27.089 GC heap before
{Heap before GC invocations=108 (full 7):
 PSYoungGen      total 68608K, used 27619K [0x00000000eab00000, 0x00000000f4100000, 0x0000000100000000)
  eden space 40960K, 0% used [0x00000000eab00000,0x00000000eab00000,0x00000000ed300000)
  from space 27648K, 99% used [0x00000000ed400000,0x00000000eeef8c08,0x00000000eef00000)
  to   space 56320K, 0% used [0x00000000f0a00000,0x00000000f0a00000,0x00000000f4100000)
 ParOldGen       total 322560K, used 313672K [0x00000000c0000000, 0x00000000d3b00000, 0x00000000eab00000)
  object space 322560K, 97% used [0x00000000c0000000,0x00000000d3252260,0x00000000d3b00000)
 Metaspace       used 67191K, committed 68224K, reserved 1114112K
  class space    used 7210K, committed 7680K, reserved 1048576K
}
Event: 27.566 GC heap after
{Heap after GC invocations=108 (full 7):
 PSYoungGen      total 69632K, used 15107K [0x00000000eab00000, 0x00000000f4400000, 0x0000000100000000)
  eden space 41984K, 0% used [0x00000000eab00000,0x00000000eab00000,0x00000000ed400000)
  from space 27648K, 54% used [0x00000000ed400000,0x00000000ee2c0da8,0x00000000eef00000)
  to   space 56320K, 0% used [0x00000000f0d00000,0x00000000f0d00000,0x00000000f4400000)
 ParOldGen       total 322560K, used 322044K [0x00000000c0000000, 0x00000000d3b00000, 0x00000000eab00000)
  object space 322560K, 99% used [0x00000000c0000000,0x00000000d3a7f020,0x00000000d3b00000)
 Metaspace       used 67191K, committed 68224K, reserved 1114112K
  class space    used 7210K, committed 7680K, reserved 1048576K
}
Event: 28.258 GC heap before
{Heap before GC invocations=109 (full 8):
 PSYoungGen      total 69632K, used 56968K [0x00000000eab00000, 0x00000000f4400000, 0x0000000100000000)
  eden space 41984K, 99% used [0x00000000eab00000,0x00000000ed3e12e8,0x00000000ed400000)
  from space 27648K, 54% used [0x00000000ed400000,0x00000000ee2c0da8,0x00000000eef00000)
  to   space 56320K, 0% used [0x00000000f0d00000,0x00000000f0d00000,0x00000000f4400000)
 ParOldGen       total 322560K, used 322044K [0x00000000c0000000, 0x00000000d3b00000, 0x00000000eab00000)
  object space 322560K, 99% used [0x00000000c0000000,0x00000000d3a7f020,0x00000000d3b00000)
 Metaspace       used 67235K, committed 68288K, reserved 1114112K
  class space    used 7210K, committed 7680K, reserved 1048576K
}
Event: 28.367 GC heap after
{Heap after GC invocations=109 (full 8):
 PSYoungGen      total 100352K, used 0K [0x00000000eab00000, 0x00000000f4580000, 0x0000000100000000)
  eden space 44032K, 0% used [0x00000000eab00000,0x00000000eab00000,0x00000000ed600000)
  from space 56320K, 0% used [0x00000000f0d00000,0x00000000f0d00000,0x00000000f4400000)
  to   space 56320K, 0% used [0x00000000ed600000,0x00000000ed600000,0x00000000f0d00000)
 ParOldGen       total 419328K, used 206177K [0x00000000c0000000, 0x00000000d9980000, 0x00000000eab00000)
  object space 419328K, 49% used [0x00000000c0000000,0x00000000cc9585f0,0x00000000d9980000)
 Metaspace       used 67235K, committed 68288K, reserved 1114112K
  class space    used 7210K, committed 7680K, reserved 1048576K
}
Event: 41.999 GC heap before
{Heap before GC invocations=110 (full 8):
 PSYoungGen      total 100352K, used 44018K [0x00000000eab00000, 0x00000000f4580000, 0x0000000100000000)
  eden space 44032K, 99% used [0x00000000eab00000,0x00000000ed5fc9b0,0x00000000ed600000)
  from space 56320K, 0% used [0x00000000f0d00000,0x00000000f0d00000,0x00000000f4400000)
  to   space 56320K, 0% used [0x00000000ed600000,0x00000000ed600000,0x00000000f0d00000)
 ParOldGen       total 419328K, used 206177K [0x00000000c0000000, 0x00000000d9980000, 0x00000000eab00000)
  object space 419328K, 49% used [0x00000000c0000000,0x00000000cc9585f0,0x00000000d9980000)
 Metaspace       used 67993K, committed 69056K, reserved 1114112K
  class space    used 7281K, committed 7744K, reserved 1048576K
}
Event: 42.010 GC heap after
{Heap after GC invocations=110 (full 8):
 PSYoungGen      total 50176K, used 5776K [0x00000000eab00000, 0x00000000f0d80000, 0x0000000100000000)
  eden space 44032K, 0% used [0x00000000eab00000,0x00000000eab00000,0x00000000ed600000)
  from space 6144K, 94% used [0x00000000ed600000,0x00000000edba41b8,0x00000000edc00000)
  to   space 23040K, 0% used [0x00000000ef700000,0x00000000ef700000,0x00000000f0d80000)
 ParOldGen       total 419328K, used 206185K [0x00000000c0000000, 0x00000000d9980000, 0x00000000eab00000)
  object space 419328K, 49% used [0x00000000c0000000,0x00000000cc95a5f0,0x00000000d9980000)
 Metaspace       used 67993K, committed 69056K, reserved 1114112K
  class space    used 7281K, committed 7744K, reserved 1048576K
}
Event: 60.976 GC heap before
{Heap before GC invocations=111 (full 8):
 PSYoungGen      total 50176K, used 49808K [0x00000000eab00000, 0x00000000f0d80000, 0x0000000100000000)
  eden space 44032K, 100% used [0x00000000eab00000,0x00000000ed600000,0x00000000ed600000)
  from space 6144K, 94% used [0x00000000ed600000,0x00000000edba41b8,0x00000000edc00000)
  to   space 23040K, 0% used [0x00000000ef700000,0x00000000ef700000,0x00000000f0d80000)
 ParOldGen       total 419328K, used 206185K [0x00000000c0000000, 0x00000000d9980000, 0x00000000eab00000)
  object space 419328K, 49% used [0x00000000c0000000,0x00000000cc95a5f0,0x00000000d9980000)
 Metaspace       used 69581K, committed 70656K, reserved 1114112K
  class space    used 7470K, committed 7936K, reserved 1048576K
}
Event: 60.987 GC heap after
{Heap after GC invocations=111 (full 8):
 PSYoungGen      total 54784K, used 7960K [0x00000000eab00000, 0x00000000eff00000, 0x0000000100000000)
  eden space 46592K, 0% used [0x00000000eab00000,0x00000000eab00000,0x00000000ed880000)
  from space 8192K, 97% used [0x00000000ef700000,0x00000000efec63e8,0x00000000eff00000)
  to   space 10240K, 0% used [0x00000000eeb00000,0x00000000eeb00000,0x00000000ef500000)
 ParOldGen       total 419328K, used 206193K [0x00000000c0000000, 0x00000000d9980000, 0x00000000eab00000)
  object space 419328K, 49% used [0x00000000c0000000,0x00000000cc95c5f0,0x00000000d9980000)
 Metaspace       used 69581K, committed 70656K, reserved 1114112K
  class space    used 7470K, committed 7936K, reserved 1048576K
}
Event: 75.212 GC heap before
{Heap before GC invocations=112 (full 8):
 PSYoungGen      total 54784K, used 54552K [0x00000000eab00000, 0x00000000eff00000, 0x0000000100000000)
  eden space 46592K, 100% used [0x00000000eab00000,0x00000000ed880000,0x00000000ed880000)
  from space 8192K, 97% used [0x00000000ef700000,0x00000000efec63e8,0x00000000eff00000)
  to   space 10240K, 0% used [0x00000000eeb00000,0x00000000eeb00000,0x00000000ef500000)
 ParOldGen       total 419328K, used 206193K [0x00000000c0000000, 0x00000000d9980000, 0x00000000eab00000)
  object space 419328K, 49% used [0x00000000c0000000,0x00000000cc95c5f0,0x00000000d9980000)
 Metaspace       used 69639K, committed 70656K, reserved 1114112K
  class space    used 7472K, committed 7936K, reserved 1048576K
}
Event: 75.223 GC heap after
{Heap after GC invocations=112 (full 8):
 PSYoungGen      total 54784K, used 7736K [0x00000000eab00000, 0x00000000ef780000, 0x0000000100000000)
  eden space 46592K, 0% used [0x00000000eab00000,0x00000000eab00000,0x00000000ed880000)
  from space 8192K, 94% used [0x00000000eeb00000,0x00000000ef28e3e8,0x00000000ef300000)
  to   space 4608K, 0% used [0x00000000ef300000,0x00000000ef300000,0x00000000ef780000)
 ParOldGen       total 419328K, used 206201K [0x00000000c0000000, 0x00000000d9980000, 0x00000000eab00000)
  object space 419328K, 49% used [0x00000000c0000000,0x00000000cc95e5f0,0x00000000d9980000)
 Metaspace       used 69639K, committed 70656K, reserved 1114112K
  class space    used 7472K, committed 7936K, reserved 1048576K
}
Event: 103.755 GC heap before
{Heap before GC invocations=113 (full 8):
 PSYoungGen      total 54784K, used 54328K [0x00000000eab00000, 0x00000000ef780000, 0x0000000100000000)
  eden space 46592K, 100% used [0x00000000eab00000,0x00000000ed880000,0x00000000ed880000)
  from space 8192K, 94% used [0x00000000eeb00000,0x00000000ef28e3e8,0x00000000ef300000)
  to   space 4608K, 0% used [0x00000000ef300000,0x00000000ef300000,0x00000000ef780000)
 ParOldGen       total 419328K, used 206201K [0x00000000c0000000, 0x00000000d9980000, 0x00000000eab00000)
  object space 419328K, 49% used [0x00000000c0000000,0x00000000cc95e5f0,0x00000000d9980000)
 Metaspace       used 69877K, committed 70912K, reserved 1114112K
  class space    used 7477K, committed 7936K, reserved 1048576K
}
Event: 103.766 GC heap after
{Heap after GC invocations=113 (full 8):
 PSYoungGen      total 51200K, used 4587K [0x00000000eab00000, 0x00000000ef780000, 0x0000000100000000)
  eden space 46592K, 0% used [0x00000000eab00000,0x00000000eab00000,0x00000000ed880000)
  from space 4608K, 99% used [0x00000000ef300000,0x00000000ef77ad68,0x00000000ef780000)
  to   space 7168K, 0% used [0x00000000ee980000,0x00000000ee980000,0x00000000ef080000)
 ParOldGen       total 419328K, used 208329K [0x00000000c0000000, 0x00000000d9980000, 0x00000000eab00000)
  object space 419328K, 49% used [0x00000000c0000000,0x00000000ccb725f0,0x00000000d9980000)
 Metaspace       used 69877K, committed 70912K, reserved 1114112K
  class space    used 7477K, committed 7936K, reserved 1048576K
}
Event: 128.566 GC heap before
{Heap before GC invocations=114 (full 8):
 PSYoungGen      total 51200K, used 51179K [0x00000000eab00000, 0x00000000ef780000, 0x0000000100000000)
  eden space 46592K, 100% used [0x00000000eab00000,0x00000000ed880000,0x00000000ed880000)
  from space 4608K, 99% used [0x00000000ef300000,0x00000000ef77ad68,0x00000000ef780000)
  to   space 7168K, 0% used [0x00000000ee980000,0x00000000ee980000,0x00000000ef080000)
 ParOldGen       total 419328K, used 208329K [0x00000000c0000000, 0x00000000d9980000, 0x00000000eab00000)
  object space 419328K, 49% used [0x00000000c0000000,0x00000000ccb725f0,0x00000000d9980000)
 Metaspace       used 71908K, committed 72960K, reserved 1114112K
  class space    used 7649K, committed 8128K, reserved 1048576K
}
Event: 128.572 GC heap after
{Heap after GC invocations=114 (full 8):
 PSYoungGen      total 51712K, used 4988K [0x00000000eab00000, 0x00000000ef380000, 0x0000000100000000)
  eden space 46592K, 0% used [0x00000000eab00000,0x00000000eab00000,0x00000000ed880000)
  from space 5120K, 97% used [0x00000000ee980000,0x00000000eee5f1c8,0x00000000eee80000)
  to   space 5120K, 0% used [0x00000000eee80000,0x00000000eee80000,0x00000000ef380000)
 ParOldGen       total 419328K, used 208337K [0x00000000c0000000, 0x00000000d9980000, 0x00000000eab00000)
  object space 419328K, 49% used [0x00000000c0000000,0x00000000ccb745f0,0x00000000d9980000)
 Metaspace       used 71908K, committed 72960K, reserved 1114112K
  class space    used 7649K, committed 8128K, reserved 1048576K
}

Dll operation events (11 events):
Event: 0.010 Loaded shared library c:\Users\91976\.vscode\extensions\redhat.java-1.20.0-win32-x64\jre\17.0.7-win32-x86_64\bin\java.dll
Event: 0.130 Loaded shared library c:\Users\91976\.vscode\extensions\redhat.java-1.20.0-win32-x64\jre\17.0.7-win32-x86_64\bin\zip.dll
Event: 0.132 Loaded shared library C:\Users\91976\.vscode\extensions\redhat.java-1.20.0-win32-x64\jre\17.0.7-win32-x86_64\bin\instrument.dll
Event: 0.143 Loaded shared library C:\Users\91976\.vscode\extensions\redhat.java-1.20.0-win32-x64\jre\17.0.7-win32-x86_64\bin\net.dll
Event: 0.145 Loaded shared library C:\Users\91976\.vscode\extensions\redhat.java-1.20.0-win32-x64\jre\17.0.7-win32-x86_64\bin\nio.dll
Event: 0.152 Loaded shared library C:\Users\91976\.vscode\extensions\redhat.java-1.20.0-win32-x64\jre\17.0.7-win32-x86_64\bin\zip.dll
Event: 0.175 Loaded shared library C:\Users\91976\.vscode\extensions\redhat.java-1.20.0-win32-x64\jre\17.0.7-win32-x86_64\bin\jimage.dll
Event: 0.218 Loaded shared library c:\Users\91976\.vscode\extensions\redhat.java-1.20.0-win32-x64\jre\17.0.7-win32-x86_64\bin\verify.dll
Event: 1.011 Loaded shared library C:\Users\91976\AppData\Roaming\Code\User\globalStorage\redhat.java\1.20.0\config_win\org.eclipse.equinox.launcher\org.eclipse.equinox.launcher.win32.win32.x86_64_1.2.700.v20221108-1024\eclipse_11801.dll
Event: 2.900 Loaded shared library C:\Users\91976\AppData\Local\Temp\jna-54156992\jna12097492796964502307.dll
Event: 5.867 Loaded shared library C:\Users\91976\.vscode\extensions\redhat.java-1.20.0-win32-x64\jre\17.0.7-win32-x86_64\bin\sunmscapi.dll

Deoptimization events (20 events):
Event: 134.014 Thread 0x0000022bde9ca350 Uncommon trap: trap_request=0xffffffde fr.pc=0x0000022bcd9e10b0 relative=0x0000000000001050
Event: 134.014 Thread 0x0000022bde9ca350 Uncommon trap: reason=class_check action=maybe_recompile pc=0x0000022bcd9e10b0 method=com.google.gson.internal.bind.MapTypeAdapterFactory$Adapter.read(Lcom/google/gson/stream/JsonReader;)Ljava/util/Map; @ 1 c2
Event: 134.014 Thread 0x0000022bde9ca350 DEOPT PACKING pc=0x0000022bcd9e10b0 sp=0x0000004d64ffe5d0
Event: 134.014 Thread 0x0000022bde9ca350 DEOPT UNPACKING pc=0x0000022bcd169ea3 sp=0x0000004d64ffe588 mode 2
Event: 157.359 Thread 0x0000022bdd110d60 Uncommon trap: trap_request=0xffffff45 fr.pc=0x0000022bcdad82f8 relative=0x0000000000000af8
Event: 157.359 Thread 0x0000022bdd110d60 Uncommon trap: reason=unstable_if action=reinterpret pc=0x0000022bcdad82f8 method=org.eclipse.jdt.internal.compiler.parser.Scanner.getNextToken0()I @ 194 c2
Event: 157.359 Thread 0x0000022bdd110d60 DEOPT PACKING pc=0x0000022bcdad82f8 sp=0x0000004d664fe810
Event: 157.359 Thread 0x0000022bdd110d60 DEOPT UNPACKING pc=0x0000022bcd169ea3 sp=0x0000004d664fe7a8 mode 2
Event: 157.366 Thread 0x0000022bdd110d60 DEOPT PACKING pc=0x0000022bc6c293ad sp=0x0000004d664fe170
Event: 157.366 Thread 0x0000022bdd110d60 DEOPT UNPACKING pc=0x0000022bcd16a9e3 sp=0x0000004d664fd608 mode 0
Event: 157.878 Thread 0x0000022bdd111700 Uncommon trap: trap_request=0xffffff45 fr.pc=0x0000022bcddb8400 relative=0x00000000000005c0
Event: 157.878 Thread 0x0000022bdd111700 Uncommon trap: reason=unstable_if action=reinterpret pc=0x0000022bcddb8400 method=com.google.gson.stream.JsonWriter.newline()V @ 4 c2
Event: 157.878 Thread 0x0000022bdd111700 DEOPT PACKING pc=0x0000022bcddb8400 sp=0x0000004d663fe490
Event: 157.878 Thread 0x0000022bdd111700 DEOPT UNPACKING pc=0x0000022bcd169ea3 sp=0x0000004d663fe410 mode 2
Event: 157.878 Thread 0x0000022bdd111700 Uncommon trap: trap_request=0xffffff45 fr.pc=0x0000022bcdd2535c relative=0x000000000000005c
Event: 157.878 Thread 0x0000022bdd111700 Uncommon trap: reason=unstable_if action=reinterpret pc=0x0000022bcdd2535c method=com.google.gson.stream.JsonWriter.newline()V @ 4 c2
Event: 157.878 Thread 0x0000022bdd111700 DEOPT PACKING pc=0x0000022bcdd2535c sp=0x0000004d663fe470
Event: 157.878 Thread 0x0000022bdd111700 DEOPT UNPACKING pc=0x0000022bcd169ea3 sp=0x0000004d663fe400 mode 2
Event: 162.603 Thread 0x0000022bdd110d60 DEOPT PACKING pc=0x0000022bc6c293ad sp=0x0000004d664fe080
Event: 162.603 Thread 0x0000022bdd110d60 DEOPT UNPACKING pc=0x0000022bcd16a9e3 sp=0x0000004d664fd518 mode 0

Classes unloaded (7 events):
Event: 1.786 Thread 0x0000022bd6d6be70 Unloading class 0x000000010021a400 'java/lang/invoke/LambdaForm$MH+0x000000010021a400'
Event: 1.786 Thread 0x0000022bd6d6be70 Unloading class 0x000000010021a000 'java/lang/invoke/LambdaForm$MH+0x000000010021a000'
Event: 1.786 Thread 0x0000022bd6d6be70 Unloading class 0x0000000100219c00 'java/lang/invoke/LambdaForm$MH+0x0000000100219c00'
Event: 1.786 Thread 0x0000022bd6d6be70 Unloading class 0x0000000100219800 'java/lang/invoke/LambdaForm$MH+0x0000000100219800'
Event: 1.786 Thread 0x0000022bd6d6be70 Unloading class 0x0000000100219000 'java/lang/invoke/LambdaForm$BMH+0x0000000100219000'
Event: 1.786 Thread 0x0000022bd6d6be70 Unloading class 0x0000000100218c00 'java/lang/invoke/LambdaForm$DMH+0x0000000100218c00'
Event: 1.786 Thread 0x0000022bd6d6be70 Unloading class 0x0000000100216000 'java/lang/invoke/LambdaForm$DMH+0x0000000100216000'

Classes redefined (0 events):
No events

Internal exceptions (20 events):
Event: 106.626 Thread 0x0000022bdd111700 Exception <a 'java/lang/ArrayIndexOutOfBoundsException'{0x00000000eba65908}: Index 905 out of bounds for length 905> (0x00000000eba65908) 
thrown [s\src\hotspot\share\interpreter\interpreterRuntime.cpp, line 428]
Event: 109.832 Thread 0x0000022bdd10ced0 Exception <a 'sun/nio/fs/WindowsException'{0x00000000ec0fee30}> (0x00000000ec0fee30) 
thrown [s\src\hotspot\share\prims\jni.cpp, line 516]
Event: 109.875 Thread 0x0000022bdd10ced0 Exception <a 'sun/nio/fs/WindowsException'{0x00000000ecbc6e78}> (0x00000000ecbc6e78) 
thrown [s\src\hotspot\share\prims\jni.cpp, line 516]
Event: 128.363 Thread 0x0000022bdd110d60 Exception <a 'java/lang/NoSuchMethodError'{0x00000000ece58f20}: 'java.lang.Object java.lang.invoke.DirectMethodHandle$Holder.newInvokeSpecial(java.lang.Object, java.lang.Object, java.lang.Object, java.lang.Object, java.lang.Object, java.lang.Object)'> (0x00000000ece58f20) 
thrown [s\src\hotspot\share\interpreter\linkResolver.cpp, line 759]
Event: 128.410 Thread 0x0000022bdd110d60 Implicit null exception at 0x0000022bcdbfb416 to 0x0000022bcdbfbb2c
Event: 128.412 Thread 0x0000022bdd110d60 Exception <a 'java/io/FileNotFoundException'{0x00000000ed0f1210}> (0x00000000ed0f1210) 
thrown [s\src\hotspot\share\prims\jni.cpp, line 516]
Event: 128.512 Thread 0x0000022bd6db7b90 Exception <a 'java/io/FileNotFoundException'{0x00000000ed422cd0}> (0x00000000ed422cd0) 
thrown [s\src\hotspot\share\prims\jni.cpp, line 516]
Event: 128.658 Thread 0x0000022bd6db7b90 Exception <a 'java/lang/NoSuchMethodError'{0x00000000eb3330e8}: 'java.lang.Object java.lang.invoke.DirectMethodHandle$Holder.invokeVirtual(java.lang.Object, java.lang.Object, java.lang.Object, java.lang.Object)'> (0x00000000eb3330e8) 
thrown [s\src\hotspot\share\interpreter\linkResolver.cpp, line 759]
Event: 128.695 Thread 0x0000022bde9ca350 Exception <a 'java/lang/NoSuchMethodError'{0x00000000eb68b3a8}: 'java.lang.Object java.lang.invoke.DirectMethodHandle$Holder.invokeStatic(java.lang.Object, long, java.lang.Object, java.lang.Object)'> (0x00000000eb68b3a8) 
thrown [s\src\hotspot\share\interpreter\linkResolver.cpp, line 759]
Event: 128.695 Thread 0x0000022bde9ca350 Exception <a 'java/lang/NoSuchMethodError'{0x00000000eb691f48}: 'java.lang.Object java.lang.invoke.DirectMethodHandle$Holder.newInvokeSpecial(java.lang.Object, long)'> (0x00000000eb691f48) 
thrown [s\src\hotspot\share\interpreter\linkResolver.cpp, line 759]
Event: 128.712 Thread 0x0000022bde9ca350 Exception <a 'java/io/FileNotFoundException'{0x00000000eb79c480}> (0x00000000eb79c480) 
thrown [s\src\hotspot\share\prims\jni.cpp, line 516]
Event: 128.724 Thread 0x0000022bde9ca350 Exception <a 'java/lang/NoSuchMethodError'{0x00000000eb853338}: 'java.lang.Object java.lang.invoke.DirectMethodHandle$Holder.newInvokeSpecial(java.lang.Object, java.lang.Object, java.lang.Object, java.lang.Object, java.lang.Object, java.lang.Object, java.lang.Object, java.lang.Object, java.lang.Object)'> (0x00000000eb853338) 
thrown [s\src\hotspot\share\interpreter\linkResolver.cpp, line 759]
Event: 128.724 Thread 0x0000022bde9ca350 Exception <a 'java/lang/NoSuchMethodError'{0x00000000eb858bf0}: 'java.lang.Object java.lang.invoke.DirectMethodHandle$Holder.invokeSpecial(java.lang.Object, java.lang.Object, java.lang.Object, java.lang.Object, java.lang.Object, java.lang.Object, java.lang.Object, java.lang.Object, java.lang.Object, java.lang.Object)'> (0x00000000eb858bf0) 
thrown [s\src\hotspot\share\interpreter\linkResolver.cpp, line 759]
Event: 128.724 Thread 0x0000022bde9ca350 Exception <a 'java/lang/NoSuchMethodError'{0x00000000eb85d1b8}: 'java.lang.Object java.lang.invoke.Invokers$Holder.linkToTargetMethod(java.lang.Object, java.lang.Object, java.lang.Object, java.lang.Object, java.lang.Object, java.lang.Object, java.lang.Object, java.lang.Object, java.lang.Object)'> (0x00000000eb85d1b8) 
thrown [s\src\hotspot\share\interpreter\linkResolver.cpp, line 759]
Event: 130.187 Thread 0x0000022bde9c9010 Exception <a 'java/lang/NoSuchMethodError'{0x00000000ebb7d1e0}: 'void java.lang.invoke.DirectMethodHandle$Holder.invokeSpecial(java.lang.Object, java.lang.Object, java.lang.Object, java.lang.Object, java.lang.Object)'> (0x00000000ebb7d1e0) 
thrown [s\src\hotspot\share\interpreter\linkResolver.cpp, line 759]
Event: 130.345 Thread 0x0000022bde9ca820 Exception <a 'java/lang/InterruptedException'{0x00000000ebae9218}> (0x00000000ebae9218) 
thrown [s\src\hotspot\share\runtime\objectMonitor.cpp, line 1658]
Event: 134.327 Thread 0x0000022bde9c94e0 Exception <a 'java/lang/InterruptedException'{0x00000000ec1013c8}> (0x00000000ec1013c8) 
thrown [s\src\hotspot\share\runtime\objectMonitor.cpp, line 1658]
Event: 149.562 Thread 0x0000022bde9ca350 Exception <a 'java/lang/InterruptedException'{0x00000000ec23d170}> (0x00000000ec23d170) 
thrown [s\src\hotspot\share\runtime\objectMonitor.cpp, line 1658]
Event: 157.877 Thread 0x0000022bdd111700 Exception <a 'java/lang/reflect/InvocationTargetException'{0x00000000ec05c128}> (0x00000000ec05c128) 
thrown [s\src\hotspot\share\runtime\reflection.cpp, line 1121]
Event: 162.637 Thread 0x0000022bdd110d60 Exception <a 'java/lang/ArrayIndexOutOfBoundsException'{0x00000000ec7e2ed0}> (0x00000000ec7e2ed0) 
thrown [s\src\hotspot\share\runtime\sharedRuntime.cpp, line 628]

VM Operations (20 events):
Event: 128.597 Executing VM operation: HandshakeAllThreads
Event: 128.597 Executing VM operation: HandshakeAllThreads done
Event: 128.647 Executing VM operation: HandshakeAllThreads
Event: 128.647 Executing VM operation: HandshakeAllThreads done
Event: 128.692 Executing VM operation: HandshakeAllThreads
Event: 128.692 Executing VM operation: HandshakeAllThreads done
Event: 128.721 Executing VM operation: HandshakeAllThreads
Event: 128.722 Executing VM operation: HandshakeAllThreads done
Event: 129.727 Executing VM operation: Cleanup
Event: 129.727 Executing VM operation: Cleanup done
Event: 130.734 Executing VM operation: Cleanup
Event: 130.734 Executing VM operation: Cleanup done
Event: 131.748 Executing VM operation: Cleanup
Event: 131.748 Executing VM operation: Cleanup done
Event: 134.761 Executing VM operation: Cleanup
Event: 134.762 Executing VM operation: Cleanup done
Event: 149.878 Executing VM operation: Cleanup
Event: 149.878 Executing VM operation: Cleanup done
Event: 157.936 Executing VM operation: Cleanup
Event: 157.936 Executing VM operation: Cleanup done

Events (20 events):
Event: 149.271 Thread 0x0000022bde9c9010 Thread added: 0x0000022bde9c9010
Event: 149.275 Thread 0x0000022bde9ca820 Thread added: 0x0000022bde9ca820
Event: 149.301 Thread 0x0000022bde9cbb60 Thread added: 0x0000022bde9cbb60
Event: 149.302 Thread 0x0000022bde9ca820 Thread exited: 0x0000022bde9ca820
Event: 149.433 Thread 0x0000022bde9cc030 Thread added: 0x0000022bde9cc030
Event: 149.434 Thread 0x0000022bde9cc030 Thread exited: 0x0000022bde9cc030
Event: 149.434 Thread 0x0000022bde9cc030 Thread added: 0x0000022bde9cc030
Event: 149.434 Thread 0x0000022bde9ca350 Thread added: 0x0000022bde9ca350
Event: 149.445 Thread 0x0000022bde9cc500 Thread added: 0x0000022bde9cc500
Event: 149.446 Thread 0x0000022bde9cbb60 Thread exited: 0x0000022bde9cbb60
Event: 149.453 Thread 0x0000022bde9cc500 Thread exited: 0x0000022bde9cc500
Event: 149.541 Thread 0x0000022bde9cc500 Thread added: 0x0000022bde9cc500
Event: 149.562 Thread 0x0000022bde9cc030 Thread exited: 0x0000022bde9cc030
Event: 149.562 Thread 0x0000022bde9ca350 Thread exited: 0x0000022bde9ca350
Event: 149.563 Thread 0x0000022bde9cc500 Thread exited: 0x0000022bde9cc500
Event: 149.620 Thread 0x0000022bde9c9010 Thread exited: 0x0000022bde9c9010
Event: 157.878 loading class java/lang/Throwable$WrappedPrintWriter
Event: 157.878 loading class java/lang/Throwable$PrintStreamOrWriter
Event: 157.878 loading class java/lang/Throwable$PrintStreamOrWriter done
Event: 157.878 loading class java/lang/Throwable$WrappedPrintWriter done


Dynamic libraries:
0x00007ff7ab7d0000 - 0x00007ff7ab7de000 	c:\Users\91976\.vscode\extensions\redhat.java-1.20.0-win32-x64\jre\17.0.7-win32-x86_64\bin\java.exe
0x00007ff9f0390000 - 0x00007ff9f05a4000 	C:\WINDOWS\SYSTEM32\ntdll.dll
0x00007ff9efc30000 - 0x00007ff9efcf2000 	C:\WINDOWS\System32\KERNEL32.DLL
0x00007ff9edaa0000 - 0x00007ff9ede3c000 	C:\WINDOWS\System32\KERNELBASE.dll
0x00007ff9ed900000 - 0x00007ff9eda11000 	C:\WINDOWS\System32\ucrtbase.dll
0x00007ff9dfc40000 - 0x00007ff9dfc57000 	c:\Users\91976\.vscode\extensions\redhat.java-1.20.0-win32-x64\jre\17.0.7-win32-x86_64\bin\jli.dll
0x00007ff9dfc60000 - 0x00007ff9dfc79000 	c:\Users\91976\.vscode\extensions\redhat.java-1.20.0-win32-x64\jre\17.0.7-win32-x86_64\bin\VCRUNTIME140.dll
0x00007ff9eef10000 - 0x00007ff9ef0bb000 	C:\WINDOWS\System32\USER32.dll
0x00007ff9ee0d0000 - 0x00007ff9ee0f6000 	C:\WINDOWS\System32\win32u.dll
0x00007ff9ef260000 - 0x00007ff9ef289000 	C:\WINDOWS\System32\GDI32.dll
0x00007ff9cafc0000 - 0x00007ff9cb24e000 	C:\WINDOWS\WinSxS\amd64_microsoft.windows.common-controls_6595b64144ccf1df_6.0.22621.608_none_a9444ca7c10bb01d\COMCTL32.dll
0x00007ff9ede40000 - 0x00007ff9edf53000 	C:\WINDOWS\System32\gdi32full.dll
0x00007ff9efb80000 - 0x00007ff9efc27000 	C:\WINDOWS\System32\msvcrt.dll
0x00007ff9ee100000 - 0x00007ff9ee19a000 	C:\WINDOWS\System32\msvcp_win.dll
0x00007ff9efd00000 - 0x00007ff9efd31000 	C:\WINDOWS\System32\IMM32.DLL
0x00007ff9ea400000 - 0x00007ff9ea40c000 	c:\Users\91976\.vscode\extensions\redhat.java-1.20.0-win32-x64\jre\17.0.7-win32-x86_64\bin\vcruntime140_1.dll
0x00007ff9bb5d0000 - 0x00007ff9bb661000 	c:\Users\91976\.vscode\extensions\redhat.java-1.20.0-win32-x64\jre\17.0.7-win32-x86_64\bin\msvcp140.dll
0x00007ff97fd10000 - 0x00007ff980958000 	c:\Users\91976\.vscode\extensions\redhat.java-1.20.0-win32-x64\jre\17.0.7-win32-x86_64\bin\server\jvm.dll
0x00007ff9f02a0000 - 0x00007ff9f034e000 	C:\WINDOWS\System32\ADVAPI32.dll
0x00007ff9ef9b0000 - 0x00007ff9efa54000 	C:\WINDOWS\System32\sechost.dll
0x00007ff9ef120000 - 0x00007ff9ef237000 	C:\WINDOWS\System32\RPCRT4.dll
0x00007ff9cd9d0000 - 0x00007ff9cd9d9000 	C:\WINDOWS\SYSTEM32\WSOCK32.dll
0x00007ff9ee550000 - 0x00007ff9ee5c1000 	C:\WINDOWS\System32\WS2_32.dll
0x00007ff9e7e00000 - 0x00007ff9e7e34000 	C:\WINDOWS\SYSTEM32\WINMM.dll
0x00007ff9e2870000 - 0x00007ff9e287a000 	C:\WINDOWS\SYSTEM32\VERSION.dll
0x00007ff9ec890000 - 0x00007ff9ec8a8000 	C:\WINDOWS\SYSTEM32\kernel.appcore.dll
0x00007ff9e4ef0000 - 0x00007ff9e4efa000 	c:\Users\91976\.vscode\extensions\redhat.java-1.20.0-win32-x64\jre\17.0.7-win32-x86_64\bin\jimage.dll
0x00007ff9eb100000 - 0x00007ff9eb32e000 	C:\WINDOWS\SYSTEM32\DBGHELP.DLL
0x00007ff9ef360000 - 0x00007ff9ef6e9000 	C:\WINDOWS\System32\combase.dll
0x00007ff9f01c0000 - 0x00007ff9f0297000 	C:\WINDOWS\System32\OLEAUT32.dll
0x00007ff9e7da0000 - 0x00007ff9e7dd2000 	C:\WINDOWS\SYSTEM32\dbgcore.DLL
0x00007ff9eda20000 - 0x00007ff9eda9b000 	C:\WINDOWS\System32\bcryptPrimitives.dll
0x00007ff9e0020000 - 0x00007ff9e002e000 	c:\Users\91976\.vscode\extensions\redhat.java-1.20.0-win32-x64\jre\17.0.7-win32-x86_64\bin\instrument.dll
0x00007ff9c2e70000 - 0x00007ff9c2e95000 	c:\Users\91976\.vscode\extensions\redhat.java-1.20.0-win32-x64\jre\17.0.7-win32-x86_64\bin\java.dll
0x00007ff9d9490000 - 0x00007ff9d94a8000 	c:\Users\91976\.vscode\extensions\redhat.java-1.20.0-win32-x64\jre\17.0.7-win32-x86_64\bin\zip.dll
0x00007ff9ee620000 - 0x00007ff9eee10000 	C:\WINDOWS\System32\SHELL32.dll
0x00007ff9eb7a0000 - 0x00007ff9ec06d000 	C:\WINDOWS\SYSTEM32\windows.storage.dll
0x00007ff9eb660000 - 0x00007ff9eb79e000 	C:\WINDOWS\SYSTEM32\wintypes.dll
0x00007ff9eee10000 - 0x00007ff9eef01000 	C:\WINDOWS\System32\SHCORE.dll
0x00007ff9efb20000 - 0x00007ff9efb7e000 	C:\WINDOWS\System32\shlwapi.dll
0x00007ff9ed700000 - 0x00007ff9ed721000 	C:\WINDOWS\SYSTEM32\profapi.dll
0x00007ff9d7780000 - 0x00007ff9d7799000 	C:\Users\91976\.vscode\extensions\redhat.java-1.20.0-win32-x64\jre\17.0.7-win32-x86_64\bin\net.dll
0x00007ff9e8180000 - 0x00007ff9e82b7000 	C:\WINDOWS\SYSTEM32\WINHTTP.dll
0x00007ff9ecd80000 - 0x00007ff9ecde9000 	C:\WINDOWS\system32\mswsock.dll
0x00007ff9d0060000 - 0x00007ff9d0075000 	C:\Users\91976\.vscode\extensions\redhat.java-1.20.0-win32-x64\jre\17.0.7-win32-x86_64\bin\nio.dll
0x00007ff9dfc30000 - 0x00007ff9dfc40000 	c:\Users\91976\.vscode\extensions\redhat.java-1.20.0-win32-x64\jre\17.0.7-win32-x86_64\bin\verify.dll
0x00007ff9bb590000 - 0x00007ff9bb5ce000 	C:\Users\91976\AppData\Roaming\Code\User\globalStorage\redhat.java\1.20.0\config_win\org.eclipse.equinox.launcher\org.eclipse.equinox.launcher.win32.win32.x86_64_1.2.700.v20221108-1024\eclipse_11801.dll
0x00007ff9ef6f0000 - 0x00007ff9ef88c000 	C:\WINDOWS\System32\ole32.dll
0x00007ff9ecfe0000 - 0x00007ff9ecffb000 	C:\WINDOWS\SYSTEM32\CRYPTSP.dll
0x00007ff9ec790000 - 0x00007ff9ec7c5000 	C:\WINDOWS\system32\rsaenh.dll
0x00007ff9ece80000 - 0x00007ff9ecea8000 	C:\WINDOWS\SYSTEM32\USERENV.dll
0x00007ff9ed1a0000 - 0x00007ff9ed1c8000 	C:\WINDOWS\SYSTEM32\bcrypt.dll
0x00007ff9ed000000 - 0x00007ff9ed00c000 	C:\WINDOWS\SYSTEM32\CRYPTBASE.dll
0x00007ff9ec2b0000 - 0x00007ff9ec2dd000 	C:\WINDOWS\SYSTEM32\IPHLPAPI.DLL
0x00007ff9ef350000 - 0x00007ff9ef359000 	C:\WINDOWS\System32\NSI.dll
0x00007ff9e32e0000 - 0x00007ff9e32f9000 	C:\WINDOWS\SYSTEM32\dhcpcsvc6.DLL
0x00007ff9e3250000 - 0x00007ff9e326f000 	C:\WINDOWS\SYSTEM32\dhcpcsvc.DLL
0x00007ff9ec2e0000 - 0x00007ff9ec3d3000 	C:\WINDOWS\SYSTEM32\DNSAPI.dll
0x00007ff9bb540000 - 0x00007ff9bb585000 	C:\Users\91976\AppData\Local\Temp\jna-54156992\jna12097492796964502307.dll
0x00007ff9ef2a0000 - 0x00007ff9ef2a8000 	C:\WINDOWS\System32\PSAPI.DLL
0x00007ff9dbea0000 - 0x00007ff9dbeae000 	C:\Users\91976\.vscode\extensions\redhat.java-1.20.0-win32-x64\jre\17.0.7-win32-x86_64\bin\sunmscapi.dll
0x00007ff9edf60000 - 0x00007ff9ee0c6000 	C:\WINDOWS\System32\CRYPT32.dll
0x00007ff9ed170000 - 0x00007ff9ed19e000 	C:\WINDOWS\SYSTEM32\ncrypt.dll
0x00007ff9ed130000 - 0x00007ff9ed167000 	C:\WINDOWS\SYSTEM32\NTASN1.dll

dbghelp: loaded successfully - version: 4.0.5 - missing functions: none
symbol engine: initialized successfully - sym options: 0x614 - pdb path: .;c:\Users\91976\.vscode\extensions\redhat.java-1.20.0-win32-x64\jre\17.0.7-win32-x86_64\bin;C:\WINDOWS\SYSTEM32;C:\WINDOWS\WinSxS\amd64_microsoft.windows.common-controls_6595b64144ccf1df_6.0.22621.608_none_a9444ca7c10bb01d;c:\Users\91976\.vscode\extensions\redhat.java-1.20.0-win32-x64\jre\17.0.7-win32-x86_64\bin\server;C:\Users\91976\AppData\Roaming\Code\User\globalStorage\redhat.java\1.20.0\config_win\org.eclipse.equinox.launcher\org.eclipse.equinox.launcher.win32.win32.x86_64_1.2.700.v20221108-1024;C:\Users\91976\AppData\Local\Temp\jna-54156992

VM Arguments:
jvm_args: --add-modules=ALL-SYSTEM --add-opens=java.base/java.util=ALL-UNNAMED --add-opens=java.base/java.lang=ALL-UNNAMED --add-opens=java.base/sun.nio.fs=ALL-UNNAMED -Declipse.application=org.eclipse.jdt.ls.core.id1 -Dosgi.bundles.defaultStartLevel=4 -Declipse.product=org.eclipse.jdt.ls.core.product -Djava.import.generatesMetadataFilesAtProjectRoot=false -Dfile.encoding=utf8 -XX:+UseParallelGC -XX:GCTimeRatio=4 -XX:AdaptiveSizePolicyWeight=90 -Dsun.zip.disableMemoryMapping=true -Xmx1G -Xms100m -Xlog:disable -javaagent:c:\Users\91976\.vscode\extensions\redhat.java-1.20.0-win32-x64\lombok\lombok-1.18.28.jar -XX:+HeapDumpOnOutOfMemoryError -XX:HeapDumpPath=c:\Users\91976\AppData\Roaming\Code\User\workspaceStorage\d2973ecab22b3799a88bb73699051f6a\redhat.java -Daether.dependencyCollector.impl=bf 
java_command: c:\Users\91976\.vscode\extensions\redhat.java-1.20.0-win32-x64\server\plugins\org.eclipse.equinox.launcher_1.6.500.v20230622-2056.jar -configuration c:\Users\91976\AppData\Roaming\Code\User\globalStorage\redhat.java\1.20.0\config_win -data c:\Users\91976\AppData\Roaming\Code\User\workspaceStorage\d2973ecab22b3799a88bb73699051f6a\redhat.java\jdt_ws
java_class_path (initial): c:\Users\91976\.vscode\extensions\redhat.java-1.20.0-win32-x64\server\plugins\org.eclipse.equinox.launcher_1.6.500.v20230622-2056.jar
Launcher Type: SUN_STANDARD

[Global flags]
    uintx AdaptiveSizePolicyWeight                 = 90                                        {product} {command line}
     intx CICompilerCount                          = 3                                         {product} {ergonomic}
    uintx GCTimeRatio                              = 4                                         {product} {command line}
     bool HeapDumpOnOutOfMemoryError               = true                                   {manageable} {command line}
    ccstr HeapDumpPath                             = c:\Users\91976\AppData\Roaming\Code\User\workspaceStorage\d2973ecab22b3799a88bb73699051f6a\redhat.java         {manageable} {command line}
   size_t InitialHeapSize                          = 104857600                                 {product} {command line}
   size_t MaxHeapSize                              = 1073741824                                {product} {command line}
   size_t MaxNewSize                               = 357564416                                 {product} {ergonomic}
   size_t MinHeapDeltaBytes                        = 524288                                    {product} {ergonomic}
   size_t MinHeapSize                              = 104857600                                 {product} {command line}
   size_t NewSize                                  = 34603008                                  {product} {ergonomic}
    uintx NonNMethodCodeHeapSize                   = 5832780                                {pd product} {ergonomic}
    uintx NonProfiledCodeHeapSize                  = 122912730                              {pd product} {ergonomic}
   size_t OldSize                                  = 70254592                                  {product} {ergonomic}
    uintx ProfiledCodeHeapSize                     = 122912730                              {pd product} {ergonomic}
    uintx ReservedCodeCacheSize                    = 251658240                              {pd product} {ergonomic}
     bool SegmentedCodeCache                       = true                                      {product} {ergonomic}
   size_t SoftMaxHeapSize                          = 1073741824                             {manageable} {ergonomic}
     bool UseCompressedClassPointers               = true                           {product lp64_product} {ergonomic}
     bool UseCompressedOops                        = true                           {product lp64_product} {ergonomic}
     bool UseLargePagesIndividualAllocation        = false                                  {pd product} {ergonomic}
     bool UseParallelGC                            = true                                      {product} {command line}

Logging:
Log output configuration:
 #0: stdout all=off uptime,level,tags
 #1: stderr all=off uptime,level,tags

Environment Variables:
JAVA_HOME=C:\Program Files\Java\jdk-17.0.2
PATH=C:\Program Files\Common Files\Oracle\Java\javapath;C:\WINDOWS\system32;C:\WINDOWS;C:\WINDOWS\System32\Wbem;C:\WINDOWS\System32\WindowsPowerShell\v1.0\;C:\WINDOWS\System32\OpenSSH\;C:\Program Files\Java\jdk-17.0.2\bin;C:\MinGW\bin;C:\Users\91976\AppData\Local\Programs\Python\Python39\Scripts;C:\Program Files\dotnet\;C:\Program Files\nodejs\;C:\Program Files\Git\cmd;C:\Users\91976\AppData\Local\Programs\Python\Python39;C:\Users\91976\AppData\Local\JetBrains\IntelliJ IDEA Community Edition 2021.3.2\bin;;C:\Users\91976\AppData\Local\Programs\Microsoft VS Code\bin;C:\Users\91976\AppData\Local\Microsoft\WindowsApps;C:\Users\91976\.dotnet\tools;C:\Users\91976\AppData\Local\GitHubDesktop\bin;C:\Users\91976\AppData\Roaming\npm
USERNAME=91976
OS=Windows_NT
PROCESSOR_IDENTIFIER=Intel64 Family 6 Model 140 Stepping 1, GenuineIntel
TMP=C:\Users\91976\AppData\Local\Temp
TEMP=C:\Users\91976\AppData\Local\Temp



---------------  S Y S T E M  ---------------

OS:
 Windows 11 , 64 bit Build 22621 (10.0.22621.1485)
OS uptime: 16 days 17:00 hours

CPU: total 4 (initial active 4) (2 cores per cpu, 2 threads per core) family 6 model 140 stepping 1 microcode 0x8a, cx8, cmov, fxsr, ht, mmx, 3dnowpref, sse, sse2, sse3, ssse3, sse4.1, sse4.2, popcnt, lzcnt, tsc, tscinvbit, avx, avx2, aes, erms, clmul, bmi1, bmi2, adx, avx512f, avx512dq, avx512cd, avx512bw, avx512vl, sha, fma, vzeroupper, avx512_vpopcntdq, avx512_vpclmulqdq, avx512_vaes, avx512_vnni, clflush, clflushopt, clwb, avx512_vbmi2, avx512_vbmi

Memory: 4k page, system-wide physical 7975M (518M free)
TotalPageFile size 11402M (AvailPageFile size 0M)
current process WorkingSet (physical memory assigned to process): 519M, peak: 561M
current process commit charge ("private bytes"): 690M, peak: 1048M

vm_info: OpenJDK 64-Bit Server VM (17.0.7+7) for windows-amd64 JRE (17.0.7+7), built on Apr 18 2023 22:10:42 by "temurin" with MS VC++ 16.7 (VS2019)

END.
